<?xml version="1.0" encoding="UTF-8"?>
<!-- Generated by org.testng.reporters.JUnitXMLReporter -->
<testsuite ignored="0" hostname="MACs-Mac-mini.local" failures="0" tests="3" name="ForgotPasswordModule" time="31.124" errors="0" timestamp="2025-03-31T11:25:56 IST">
  <testcase classname="TestCases.ForgotPasswordTest" name="ForgotPw_click" time="0.922"/>
  <testcase classname="TestCases.ForgotPasswordTest" name="ForgotPw_valid" time="7.319"/>
  <testcase classname="TestCases.ForgotPasswordTest" name="ForgotPw_Invalid" time="7.665"/>
</testsuite> <!-- ForgotPasswordModule -->
