<?xml version="1.0" encoding="UTF-8"?>
<!-- Generated by org.testng.reporters.JUnitXMLReporter -->
<testsuite ignored="0" hostname="MACs-Mac-mini.local" failures="0" tests="3" name="ForgotPasswordModule" time="28.807" errors="0" timestamp="2025-03-31T09:40:12 IST">
  <testcase classname="TestCases.ForgotPasswordTest" name="ForgotPw_click" time="1.504"/>
  <testcase classname="TestCases.ForgotPasswordTest" name="ForgotPw_valid" time="6.623"/>
  <testcase classname="TestCases.ForgotPasswordTest" name="ForgotPw_Invalid" time="6.628"/>
</testsuite> <!-- ForgotPasswordModule -->
